21:45:26.483 [JavaFX Application Thread] DEBUG GameApplication      - Logger initialized
21:45:27.055 [JavaFX Application Thread] DEBUG GameApplication      - Starting FXGL
21:45:27.055 [JavaFX Application Thread] INFO  Version              - FXGL-0.4.0
21:45:27.056 [JavaFX Application Thread] INFO  Version              - Source code and latest versions at: https://github.com/AlmasB/FXGL
21:45:27.056 [JavaFX Application Thread] INFO  Version              -              Join the FXGL chat at: https://gitter.im/AlmasB/FXGL
21:45:27.139 [FXGL Launcher Thread     ] DEBUG FXGL                 - Loading FXGL system data
21:45:27.166 [FXGL Launcher Thread     ] DEBUG IOTask               - Executing task: readDataTask(system/fxgl.bundle)
21:45:27.200 [FXGL Launcher Thread     ] DEBUG FS                   - Reading from: system/fxgl.bundle
21:45:27.213 [FXGL Launcher Thread     ] DEBUG IOTask               - Task succeeded: readDataTask(system/fxgl.bundle)
21:45:27.214 [FXGL Launcher Thread     ] DEBUG Bundle               - Logging bundle: FXGL
21:45:27.215 [FXGL Launcher Thread     ] DEBUG GameApplication      - FXGL configuration complete
21:45:27.219 [FXGL Launcher Thread     ] INFO  GameApplication      - FXGL configuration took:  0.158 sec
21:45:27.219 [FXGL Launcher Thread     ] DEBUG GameApplication      - Logging game settings
Title: PlatformerControlledMovement
Version: 
Width: 800
Height: 600
Fullscreen: false
Intro: false
Menus: false
Profiling: false
Single step:false
App Mode: DEVELOPER
Menu Key: ESCAPE
Stage Style: DECORATED
Scene Factory: class com.almasb.fxgl.scene.SceneFactory
Dialog Factory: class com.almasb.fxgl.ui.FXGLDialogFactory
UI Factory: class com.almasb.fxgl.ui.FXGLUIFactory
Notification Service: class com.almasb.fxgl.gameplay.notification.XboxNotificationView
Exception Handler: class com.almasb.fxgl.app.FXGLExceptionHandler
21:45:27.245 [JavaFX Application Thread] DEBUG UpdaterTask          - Checking for updates
21:45:27.358 [JavaFX Application Thread] DEBUG IOTask               - Showing dialog
21:45:27.362 [FXGL Background Thread 1 ] DEBUG IOTask               - Executing task: openStream(https://raw.githubusercontent.com/AlmasB/FXGL/master/pom.xml)
21:45:27.362 [FXGL Background Thread 1 ] DEBUG IOTask               - Executing task: openStream(https://raw.githubusercontent.com/AlmasB/FXGL/master/pom.xml)
21:45:27.824 [JavaFX Application Thread] DEBUG IOTask               - fail(): Dismissing dialog
21:45:27.825 [JavaFX Application Thread] WARN  IOTask               - Task failed: openStream(https://raw.githubusercontent.com/AlmasB/FXGL/master/pom.xml) Error: javax.net.ssl.SSLProtocolException: handshake alert:  unrecognized_name
21:45:27.826 [JavaFX Application Thread] WARN  UpdaterTask          - Failed to find updates: javax.net.ssl.SSLProtocolException: handshake alert:  unrecognized_name
21:45:29.034 [FXGL Launcher Thread     ] DEBUG GameApplication      - Configuring GameApplication
21:45:29.040 [FXGL Launcher Thread     ] DEBUG AppStateMachine      - Initializing application states
21:45:29.051 [FXGL Launcher Thread     ] DEBUG AssetLoader          - Loading from disk: /assets/ui/cursors/fxgl_default.png
21:45:29.080 [FXGL Launcher Thread     ] DEBUG AssetLoader          - Loading from disk: /assets/ui/cursors/fxgl_default.png
21:45:29.088 [FXGL Launcher Thread     ] DEBUG AssetLoader          - Loading from disk: /assets/sounds/core/notification.wav
21:45:29.130 [FXGL Launcher Thread     ] DEBUG AssetLoader          - Loading from disk: /assets/sounds/menu/select.wav
21:45:29.131 [FXGL Launcher Thread     ] DEBUG AssetLoader          - Loading from disk: /assets/sounds/menu/back.wav
21:45:29.134 [FXGL Launcher Thread     ] DEBUG AssetLoader          - Loading from disk: /assets/sounds/menu/press.wav
21:45:29.136 [FXGL Launcher Thread     ] DEBUG AssetLoader          - Loading from disk: /assets/ui/fonts/VarelaRound-Regular.ttf
21:45:29.144 [FXGL Launcher Thread     ] DEBUG AssetLoader          - Loading from disk: /assets/ui/fonts/lucida_console.ttf
21:45:29.148 [FXGL Launcher Thread     ] DEBUG AssetLoader          - Loading from disk: /assets/ui/css/fxgl_dark.css
21:45:29.149 [FXGL Launcher Thread     ] DEBUG AssetLoader          - Loading from disk: /assets/ui/icons/fxgl_icon.png
21:45:29.175 [FXGL Launcher Thread     ] DEBUG AssetLoader          - Loading from disk: /assets/ui/cursors/fxgl_default.png
21:45:29.258 [FXGL Launcher Thread     ] DEBUG FXGL.GameScene       - Game scene initialized: 800x600
21:45:29.264 [FXGL Launcher Thread     ] DEBUG FXGL.GameWorld       - Game world initialized
21:45:29.321 [FXGL Launcher Thread     ] DEBUG FXGL.PhysicsWorld    - Physics world initialized: appHeight=600, physics.ppm=50.0
21:45:29.344 [FXGL Launcher Thread     ] DEBUG Input                - Registered new binding: Pause - Esc
21:45:29.358 [FXGL Launcher Thread     ] INFO  GameApplication      - Game configuration took:  0.323 sec
21:45:29.360 [JavaFX Application Thread] DEBUG MainWindow           - Target size: 800.0 x 600.0 @ 1.0
21:45:29.360 [JavaFX Application Thread] DEBUG MainWindow           - New size:    800.0 x 600.0 @ 1.0
21:45:29.360 [JavaFX Application Thread] DEBUG MainWindow           - Opening main window
21:45:29.410 [JavaFX Application Thread] DEBUG MainWindow           - Root size:  800.0x600.0
21:45:29.410 [JavaFX Application Thread] DEBUG MainWindow           - Scene size: 800.0x600.0
21:45:29.410 [JavaFX Application Thread] DEBUG MainWindow           - Stage size: 800.0x622.0
21:45:29.410 [JavaFX Application Thread] DEBUG GameApplication      - Running preInit()
21:45:29.419 [JavaFX Application Thread] WARN  AnnotationParser     - NinjaPlatformerMain has no package or contains uppercase letters. Disabling annotations processing
21:45:29.423 [JavaFX Application Thread] DEBUG Input                - Registered new binding: Screenshot - P
21:45:29.423 [JavaFX Application Thread] DEBUG Input                - Registered new binding: Dev Options - CTRL+0
21:45:29.424 [JavaFX Application Thread] DEBUG AssetLoader          - Loading from disk: /assets/textures/ninjaJumpAnimation.png
21:45:29.555 [JavaFX Application Thread] DEBUG AssetLoader          - Loading from disk: /assets/textures/ninjaRunningAnimation.png
21:45:29.605 [JavaFX Application Thread] DEBUG AssetLoader          - Loading from disk: /assets/textures/ninjaSlidingAnimation.png
21:45:29.639 [JavaFX Application Thread] DEBUG Input                - Registered new binding: Jump - Up
21:45:29.640 [JavaFX Application Thread] DEBUG Input                - Registered new binding: Run Right - Right
21:45:29.640 [JavaFX Application Thread] DEBUG Input                - Registered new binding: Run Left - Left
21:45:29.716 [JavaFX Application Thread] DEBUG GameApplication      - Starting main loop
21:45:29.748 [JavaFX Application Thread] DEBUG StartupState         - STARTUP
21:45:29.749 [JavaFX Application Thread] DEBUG GameApplication      - Starting new game
21:45:29.749 [JavaFX Application Thread] DEBUG Input                - Clearing active input actions
21:45:29.749 [JavaFX Application Thread] DEBUG AppStateMachine      - StartupState -> LoadingState
21:45:29.790 [JavaFX Application Thread] WARN  AnnotationParser     - NinjaPlatformerMain has no package or contains uppercase letters. Disabling annotations processing
21:45:29.790 [JavaFX Application Thread] DEBUG InitAppTask          - Parsing annotations
21:45:29.794 [FXGL Background Thread 1 ] DEBUG InitAppTask          - Clearing previous game
21:45:29.794 [FXGL Background Thread 1 ] DEBUG FXGL.GameWorld       - Clearing game world
21:45:29.795 [FXGL Background Thread 1 ] DEBUG FXGL.PhysicsWorld    - Clearing physics world
21:45:29.795 [FXGL Background Thread 1 ] DEBUG FXGL.GameScene       - Clearing game scene
21:45:29.795 [FXGL Background Thread 1 ] DEBUG InitAppTask          - Initializing Assets
21:45:29.796 [FXGL Background Thread 1 ] DEBUG InitAppTask          - Initializing Game
21:45:29.805 [FXGL Background Thread 1 ] DEBUG AssetLoader          - Loading from disk: /assets/textures/ninjaIdleAnimation.png
21:45:29.970 [FXGL Background Thread 1 ] DEBUG FXGL.GameScene       - Creating render group for layer: TOP(2147483647)
21:45:29.976 [FXGL Background Thread 1 ] DEBUG Input                - Mocking key press: Right
21:45:29.977 [FXGL Background Thread 1 ] DEBUG Input                - Mocking key release: Left
21:45:29.979 [FXGL Background Thread 1 ] DEBUG Input                - Mocking key release: Right
21:45:29.980 [FXGL Background Thread 1 ] DEBUG InitAppTask          - Initializing Physics
21:45:29.980 [FXGL Background Thread 1 ] DEBUG InitAppTask          - Initializing UI
21:45:29.980 [FXGL Background Thread 1 ] DEBUG InitAppTask          - Initialization Complete
21:45:29.981 [FXGL Background Thread 1 ] INFO  InitAppTask          - Game initialization took: 0.187 sec
21:45:30.000 [JavaFX Application Thread] DEBUG Input                - Clearing active input actions
21:45:30.000 [JavaFX Application Thread] DEBUG AppStateMachine      - LoadingState -> PlayState
21:45:31.032 [JavaFX Application Thread] DEBUG Input                - Mocking key release: Left
21:45:31.185 [JavaFX Application Thread] DEBUG Input                - Mocking key release: Right
21:45:31.761 [JavaFX Application Thread] DEBUG Input                - Mocking key release: Left
21:45:32.284 [JavaFX Application Thread] DEBUG Input                - Mocking key release: Up
21:45:33.067 [JavaFX Application Thread] DEBUG Input                - Mocking key release: Up
21:45:33.645 [JavaFX Application Thread] DEBUG GameApplication      - Exiting game application
21:45:33.646 [JavaFX Application Thread] DEBUG GameApplication      - Shutting down background threads
21:45:33.646 [JavaFX Application Thread] DEBUG GameApplication      - Exiting FXGL
21:45:33.647 [JavaFX Application Thread] DEBUG FXGL                 - Saving FXGL system data
21:45:33.648 [JavaFX Application Thread] DEBUG IOTask               - Executing task: writeDataTask(system/fxgl.bundle)
21:45:33.651 [JavaFX Application Thread] DEBUG FS                   - Writing to: system/fxgl.bundle
21:45:33.655 [JavaFX Application Thread] DEBUG IOTask               - Task succeeded: writeDataTask(system/fxgl.bundle)
21:45:33.655 [JavaFX Application Thread] DEBUG GameApplication      - Closing logger and exiting JavaFX
